2021-01-20 21:05:27,792 : INFO : collecting all words and their counts
2021-01-20 21:05:27,792 : INFO : PROGRESS: at sentence #0, processed 0 words, keeping 0 word types
2021-01-20 21:05:27,876 : INFO : PROGRESS: at sentence #10000, processed 114628 words, keeping 7729 word types
2021-01-20 21:05:27,960 : INFO : PROGRESS: at sentence #20000, processed 251254 words, keeping 11147 word types
2021-01-20 21:05:28,041 : INFO : PROGRESS: at sentence #30000, processed 392758 words, keeping 13889 word types
2021-01-20 21:05:28,123 : INFO : PROGRESS: at sentence #40000, processed 535400 words, keeping 16228 word types
2021-01-20 21:05:28,205 : INFO : PROGRESS: at sentence #50000, processed 680371 words, keeping 18267 word types
2021-01-20 21:05:28,287 : INFO : PROGRESS: at sentence #60000, processed 827483 words, keeping 20314 word types
2021-01-20 21:05:28,367 : INFO : PROGRESS: at sentence #70000, processed 974618 words, keeping 21789 word types
2021-01-20 21:05:28,441 : INFO : PROGRESS: at sentence #80000, processed 1122254 words, keeping 23165 word types
2021-01-20 21:05:28,514 : INFO : PROGRESS: at sentence #90000, processed 1271934 words, keeping 24565 word types
2021-01-20 21:05:28,584 : INFO : PROGRESS: at sentence #100000, processed 1421062 words, keeping 25840 word types
2021-01-20 21:05:28,656 : INFO : PROGRESS: at sentence #110000, processed 1571040 words, keeping 26993 word types
2021-01-20 21:05:28,727 : INFO : PROGRESS: at sentence #120000, processed 1719910 words, keeping 28020 word types
2021-01-20 21:05:28,796 : INFO : PROGRESS: at sentence #130000, processed 1863699 words, keeping 28893 word types
2021-01-20 21:05:28,869 : INFO : PROGRESS: at sentence #140000, processed 2010378 words, keeping 29943 word types
2021-01-20 21:05:28,941 : INFO : PROGRESS: at sentence #150000, processed 2157933 words, keeping 30958 word types
2021-01-20 21:05:29,012 : INFO : PROGRESS: at sentence #160000, processed 2306689 words, keeping 31897 word types
2021-01-20 21:05:29,085 : INFO : PROGRESS: at sentence #170000, processed 2454660 words, keeping 32831 word types
2021-01-20 21:05:29,158 : INFO : PROGRESS: at sentence #180000, processed 2601108 words, keeping 33672 word types
2021-01-20 21:05:29,239 : INFO : PROGRESS: at sentence #190000, processed 2747825 words, keeping 34473 word types
2021-01-20 21:05:29,321 : INFO : PROGRESS: at sentence #200000, processed 2895232 words, keeping 35413 word types
2021-01-20 21:05:29,403 : INFO : PROGRESS: at sentence #210000, processed 3043151 words, keeping 36308 word types
2021-01-20 21:05:29,484 : INFO : PROGRESS: at sentence #220000, processed 3190577 words, keeping 37141 word types
2021-01-20 21:05:29,566 : INFO : PROGRESS: at sentence #230000, processed 3337461 words, keeping 38049 word types
2021-01-20 21:05:29,647 : INFO : PROGRESS: at sentence #240000, processed 3485222 words, keeping 38876 word types
2021-01-20 21:05:29,729 : INFO : PROGRESS: at sentence #250000, processed 3633128 words, keeping 39604 word types
2021-01-20 21:05:29,811 : INFO : PROGRESS: at sentence #260000, processed 3779319 words, keeping 40397 word types
2021-01-20 21:05:29,893 : INFO : PROGRESS: at sentence #270000, processed 3928325 words, keeping 41011 word types
2021-01-20 21:05:29,974 : INFO : PROGRESS: at sentence #280000, processed 4073450 words, keeping 41652 word types
2021-01-20 21:05:30,056 : INFO : PROGRESS: at sentence #290000, processed 4219081 words, keeping 42446 word types
2021-01-20 21:05:30,139 : INFO : PROGRESS: at sentence #300000, processed 4367450 words, keeping 43216 word types
2021-01-20 21:05:30,223 : INFO : PROGRESS: at sentence #310000, processed 4515592 words, keeping 43883 word types
2021-01-20 21:05:30,297 : INFO : PROGRESS: at sentence #320000, processed 4660996 words, keeping 44448 word types
2021-01-20 21:05:30,371 : INFO : PROGRESS: at sentence #330000, processed 4807374 words, keeping 45056 word types
2021-01-20 21:05:30,443 : INFO : PROGRESS: at sentence #340000, processed 4955492 words, keeping 45682 word types
2021-01-20 21:05:30,515 : INFO : PROGRESS: at sentence #350000, processed 5104943 words, keeping 46395 word types
2021-01-20 21:05:30,588 : INFO : PROGRESS: at sentence #360000, processed 5255444 words, keeping 46998 word types
2021-01-20 21:05:30,661 : INFO : PROGRESS: at sentence #370000, processed 5406872 words, keeping 47586 word types
2021-01-20 21:05:30,733 : INFO : PROGRESS: at sentence #380000, processed 5554875 words, keeping 48182 word types
2021-01-20 21:05:30,805 : INFO : PROGRESS: at sentence #390000, processed 5704518 words, keeping 48746 word types
2021-01-20 21:05:30,878 : INFO : PROGRESS: at sentence #400000, processed 5855022 words, keeping 49409 word types
2021-01-20 21:05:30,951 : INFO : PROGRESS: at sentence #410000, processed 6003913 words, keeping 50037 word types
2021-01-20 21:05:31,023 : INFO : PROGRESS: at sentence #420000, processed 6151662 words, keeping 50645 word types
2021-01-20 21:05:31,098 : INFO : PROGRESS: at sentence #430000, processed 6298498 words, keeping 51181 word types
2021-01-20 21:05:31,181 : INFO : PROGRESS: at sentence #440000, processed 6449467 words, keeping 51698 word types
2021-01-20 21:05:31,267 : INFO : PROGRESS: at sentence #450000, processed 6602324 words, keeping 52281 word types
2021-01-20 21:05:31,351 : INFO : PROGRESS: at sentence #460000, processed 6753547 words, keeping 52781 word types
2021-01-20 21:05:31,435 : INFO : PROGRESS: at sentence #470000, processed 6905563 words, keeping 53385 word types
2021-01-20 21:05:31,519 : INFO : PROGRESS: at sentence #480000, processed 7055287 words, keeping 53964 word types
2021-01-20 21:05:31,603 : INFO : PROGRESS: at sentence #490000, processed 7207205 words, keeping 54470 word types
2021-01-20 21:05:31,690 : INFO : PROGRESS: at sentence #500000, processed 7359414 words, keeping 55018 word types
2021-01-20 21:05:31,775 : INFO : PROGRESS: at sentence #510000, processed 7510906 words, keeping 55561 word types
2021-01-20 21:05:31,860 : INFO : PROGRESS: at sentence #520000, processed 7662476 words, keeping 56107 word types
2021-01-20 21:05:31,944 : INFO : PROGRESS: at sentence #530000, processed 7815440 words, keeping 56706 word types
2021-01-20 21:05:32,029 : INFO : PROGRESS: at sentence #540000, processed 7966697 words, keeping 57315 word types
2021-01-20 21:05:32,111 : INFO : PROGRESS: at sentence #550000, processed 8113988 words, keeping 57813 word types
2021-01-20 21:05:32,188 : INFO : PROGRESS: at sentence #560000, processed 8264138 words, keeping 58303 word types
2021-01-20 21:05:32,263 : INFO : PROGRESS: at sentence #570000, processed 8416486 words, keeping 58846 word types
2021-01-20 21:05:32,335 : INFO : PROGRESS: at sentence #580000, processed 8565562 words, keeping 59296 word types
2021-01-20 21:05:32,408 : INFO : PROGRESS: at sentence #590000, processed 8718570 words, keeping 59726 word types
2021-01-20 21:05:32,481 : INFO : PROGRESS: at sentence #600000, processed 8871089 words, keeping 60145 word types
2021-01-20 21:05:32,553 : INFO : PROGRESS: at sentence #610000, processed 9021231 words, keeping 60583 word types
2021-01-20 21:05:32,625 : INFO : PROGRESS: at sentence #620000, processed 9170422 words, keeping 61036 word types
2021-01-20 21:05:32,704 : INFO : PROGRESS: at sentence #630000, processed 9319196 words, keeping 61481 word types
2021-01-20 21:05:32,776 : INFO : PROGRESS: at sentence #640000, processed 9468117 words, keeping 61971 word types
2021-01-20 21:05:32,850 : INFO : PROGRESS: at sentence #650000, processed 9616883 words, keeping 62542 word types
2021-01-20 21:05:32,929 : INFO : PROGRESS: at sentence #660000, processed 9769343 words, keeping 63171 word types
2021-01-20 21:05:33,013 : INFO : PROGRESS: at sentence #670000, processed 9920981 words, keeping 63720 word types
2021-01-20 21:05:33,097 : INFO : PROGRESS: at sentence #680000, processed 10071662 words, keeping 64187 word types
2021-01-20 21:05:33,180 : INFO : PROGRESS: at sentence #690000, processed 10222053 words, keeping 64681 word types
2021-01-20 21:05:33,265 : INFO : PROGRESS: at sentence #700000, processed 10373732 words, keeping 65187 word types
2021-01-20 21:05:33,349 : INFO : PROGRESS: at sentence #710000, processed 10525626 words, keeping 65643 word types
2021-01-20 21:05:33,433 : INFO : PROGRESS: at sentence #720000, processed 10677030 words, keeping 66132 word types
2021-01-20 21:05:33,517 : INFO : PROGRESS: at sentence #730000, processed 10828016 words, keeping 66682 word types
2021-01-20 21:05:33,602 : INFO : PROGRESS: at sentence #740000, processed 10980561 words, keeping 67120 word types
2021-01-20 21:05:33,685 : INFO : PROGRESS: at sentence #750000, processed 11130840 words, keeping 67562 word types
2021-01-20 21:05:33,767 : INFO : PROGRESS: at sentence #760000, processed 11282981 words, keeping 68056 word types
2021-01-20 21:05:33,850 : INFO : PROGRESS: at sentence #770000, processed 11436061 words, keeping 68547 word types
2021-01-20 21:05:33,934 : INFO : PROGRESS: at sentence #780000, processed 11585385 words, keeping 69042 word types
2021-01-20 21:05:34,013 : INFO : PROGRESS: at sentence #790000, processed 11735311 words, keeping 69565 word types
2021-01-20 21:05:34,091 : INFO : PROGRESS: at sentence #800000, processed 11883795 words, keeping 70042 word types
2021-01-20 21:05:34,165 : INFO : PROGRESS: at sentence #810000, processed 12034630 words, keeping 70450 word types
2021-01-20 21:05:34,240 : INFO : PROGRESS: at sentence #820000, processed 12186739 words, keeping 70862 word types
2021-01-20 21:05:34,315 : INFO : PROGRESS: at sentence #830000, processed 12339977 words, keeping 71324 word types
2021-01-20 21:05:34,389 : INFO : PROGRESS: at sentence #840000, processed 12493888 words, keeping 71758 word types
2021-01-20 21:05:34,463 : INFO : PROGRESS: at sentence #850000, processed 12647696 words, keeping 72204 word types
2021-01-20 21:05:34,536 : INFO : PROGRESS: at sentence #860000, processed 12799399 words, keeping 72614 word types
2021-01-20 21:05:34,609 : INFO : PROGRESS: at sentence #870000, processed 12949544 words, keeping 73065 word types
2021-01-20 21:05:34,683 : INFO : PROGRESS: at sentence #880000, processed 13102212 words, keeping 73736 word types
2021-01-20 21:05:34,757 : INFO : PROGRESS: at sentence #890000, processed 13253796 words, keeping 74233 word types
2021-01-20 21:05:34,832 : INFO : PROGRESS: at sentence #900000, processed 13404548 words, keeping 74695 word types
2021-01-20 21:05:34,903 : INFO : collected 75101 word types from a corpus of 13542393 raw words and 909156 sentences
2021-01-20 21:05:34,903 : INFO : Loading a fresh vocabulary
2021-01-20 21:05:34,972 : INFO : effective_min_count=5 retains 22194 unique words (29% of original 75101, drops 52907)
2021-01-20 21:05:34,972 : INFO : effective_min_count=5 leaves 13461101 word corpus (99% of original 13542393, drops 81292)
2021-01-20 21:05:35,083 : INFO : deleting the raw counts dictionary of 75101 items
2021-01-20 21:05:35,084 : INFO : sample=0.001 downsamples 58 most-common words
2021-01-20 21:05:35,084 : INFO : downsampling leaves estimated 9123147 word corpus (67.8% of prior 13461101)
2021-01-20 21:05:35,097 : INFO : constructing a huffman tree from 22194 words
2021-01-20 21:05:35,912 : INFO : built huffman tree with maximum node depth 21
2021-01-20 21:05:35,987 : INFO : estimated required memory for 22194 words and 300 dimensions: 95434200 bytes
2021-01-20 21:05:35,987 : INFO : resetting layer weights
2021-01-20 21:05:41,588 : INFO : training model with 40 workers on 22194 vocabulary and 300 features, using sg=1 hs=1 sample=0.001 negative=5 window=5
2021-01-20 21:05:42,889 : INFO : EPOCH 1 - PROGRESS: at 0.67% examples, 37682 words/s, in_qsize 79, out_qsize 0
2021-01-20 21:05:43,959 : INFO : EPOCH 1 - PROGRESS: at 1.54% examples, 50200 words/s, in_qsize 79, out_qsize 0
2021-01-20 21:05:45,025 : INFO : EPOCH 1 - PROGRESS: at 4.13% examples, 101590 words/s, in_qsize 79, out_qsize 0
2021-01-20 21:05:46,113 : INFO : EPOCH 1 - PROGRESS: at 5.34% examples, 101650 words/s, in_qsize 79, out_qsize 0
2021-01-20 21:05:47,140 : INFO : EPOCH 1 - PROGRESS: at 7.73% examples, 122809 words/s, in_qsize 80, out_qsize 0
2021-01-20 21:05:48,412 : INFO : EPOCH 1 - PROGRESS: at 9.07% examples, 117800 words/s, in_qsize 79, out_qsize 0
2021-01-20 21:05:49,445 : INFO : EPOCH 1 - PROGRESS: at 11.50% examples, 130927 words/s, in_qsize 79, out_qsize 0
2021-01-20 21:05:50,710 : INFO : EPOCH 1 - PROGRESS: at 12.75% examples, 125391 words/s, in_qsize 79, out_qsize 0
2021-01-20 21:05:52,204 : INFO : EPOCH 1 - PROGRESS: at 15.91% examples, 134615 words/s, in_qsize 79, out_qsize 0
2021-01-20 21:05:53,227 : INFO : EPOCH 1 - PROGRESS: at 18.50% examples, 143309 words/s, in_qsize 77, out_qsize 3
2021-01-20 21:05:54,353 : INFO : EPOCH 1 - PROGRESS: at 19.78% examples, 139709 words/s, in_qsize 79, out_qsize 0
2021-01-20 21:05:55,384 : INFO : EPOCH 1 - PROGRESS: at 22.39% examples, 146368 words/s, in_qsize 78, out_qsize 1
2021-01-20 21:05:56,728 : INFO : EPOCH 1 - PROGRESS: at 23.51% examples, 140026 words/s, in_qsize 79, out_qsize 0
2021-01-20 21:05:58,006 : INFO : EPOCH 1 - PROGRESS: at 26.49% examples, 145558 words/s, in_qsize 79, out_qsize 0
2021-01-20 21:05:59,067 : INFO : EPOCH 1 - PROGRESS: at 27.60% examples, 142535 words/s, in_qsize 79, out_qsize 0
2021-01-20 21:06:00,218 : INFO : EPOCH 1 - PROGRESS: at 30.37% examples, 147106 words/s, in_qsize 79, out_qsize 0
2021-01-20 21:06:01,241 : INFO : EPOCH 1 - PROGRESS: at 31.43% examples, 144245 words/s, in_qsize 79, out_qsize 1
2021-01-20 21:06:02,439 : INFO : EPOCH 1 - PROGRESS: at 34.63% examples, 149820 words/s, in_qsize 79, out_qsize 0
2021-01-20 21:06:03,440 : INFO : EPOCH 1 - PROGRESS: at 35.46% examples, 146331 words/s, in_qsize 79, out_qsize 0
2021-01-20 21:06:04,478 : INFO : EPOCH 1 - PROGRESS: at 37.84% examples, 149091 words/s, in_qsize 79, out_qsize 0
2021-01-20 21:06:05,539 : INFO : EPOCH 1 - PROGRESS: at 39.02% examples, 147009 words/s, in_qsize 79, out_qsize 0
2021-01-20 21:06:06,951 : INFO : EPOCH 1 - PROGRESS: at 41.88% examples, 149261 words/s, in_qsize 79, out_qsize 0
2021-01-20 21:06:07,970 : INFO : EPOCH 1 - PROGRESS: at 44.74% examples, 153426 words/s, in_qsize 80, out_qsize 0
2021-01-20 21:06:08,973 : INFO : EPOCH 1 - PROGRESS: at 45.70% examples, 150976 words/s, in_qsize 78, out_qsize 1
2021-01-20 21:06:10,239 : INFO : EPOCH 1 - PROGRESS: at 48.29% examples, 152466 words/s, in_qsize 79, out_qsize 0
2021-01-20 21:06:11,308 : INFO : EPOCH 1 - PROGRESS: at 49.73% examples, 151491 words/s, in_qsize 79, out_qsize 0
2021-01-20 21:06:12,334 : INFO : EPOCH 1 - PROGRESS: at 51.90% examples, 152972 words/s, in_qsize 79, out_qsize 0
2021-01-20 21:06:13,376 : INFO : EPOCH 1 - PROGRESS: at 53.23% examples, 151769 words/s, in_qsize 79, out_qsize 0
2021-01-20 21:06:14,518 : INFO : EPOCH 1 - PROGRESS: at 56.05% examples, 154465 words/s, in_qsize 80, out_qsize 0
2021-01-20 21:06:15,522 : INFO : EPOCH 1 - PROGRESS: at 56.56% examples, 151280 words/s, in_qsize 79, out_qsize 0
2021-01-20 21:06:16,994 : INFO : EPOCH 1 - PROGRESS: at 59.45% examples, 152558 words/s, in_qsize 79, out_qsize 0
2021-01-20 21:06:18,059 : INFO : EPOCH 1 - PROGRESS: at 62.23% examples, 155071 words/s, in_qsize 74, out_qsize 1
2021-01-20 21:06:19,097 : INFO : EPOCH 1 - PROGRESS: at 63.48% examples, 153819 words/s, in_qsize 79, out_qsize 0
2021-01-20 21:06:20,122 : INFO : EPOCH 1 - PROGRESS: at 65.57% examples, 154779 words/s, in_qsize 77, out_qsize 0
2021-01-20 21:06:21,205 : INFO : EPOCH 1 - PROGRESS: at 67.03% examples, 153944 words/s, in_qsize 79, out_qsize 0
2021-01-20 21:06:22,283 : INFO : EPOCH 1 - PROGRESS: at 69.69% examples, 155801 words/s, in_qsize 79, out_qsize 0
2021-01-20 21:06:23,389 : INFO : EPOCH 1 - PROGRESS: at 70.87% examples, 154237 words/s, in_qsize 79, out_qsize 0
2021-01-20 21:06:24,419 : INFO : EPOCH 1 - PROGRESS: at 73.92% examples, 157071 words/s, in_qsize 79, out_qsize 0
2021-01-20 21:06:25,432 : INFO : EPOCH 1 - PROGRESS: at 74.43% examples, 154501 words/s, in_qsize 79, out_qsize 0
2021-01-20 21:06:26,467 : INFO : EPOCH 1 - PROGRESS: at 77.27% examples, 156743 words/s, in_qsize 79, out_qsize 0
2021-01-20 21:06:27,609 : INFO : EPOCH 1 - PROGRESS: at 77.91% examples, 154165 words/s, in_qsize 79, out_qsize 0
2021-01-20 21:06:28,700 : INFO : EPOCH 1 - PROGRESS: at 81.11% examples, 156841 words/s, in_qsize 79, out_qsize 0
2021-01-20 21:06:29,726 : INFO : EPOCH 1 - PROGRESS: at 81.62% examples, 154468 words/s, in_qsize 79, out_qsize 0
2021-01-20 21:06:30,751 : INFO : EPOCH 1 - PROGRESS: at 84.43% examples, 156534 words/s, in_qsize 79, out_qsize 0
2021-01-20 21:06:31,758 : INFO : EPOCH 1 - PROGRESS: at 85.16% examples, 154713 words/s, in_qsize 79, out_qsize 0
2021-01-20 21:06:32,928 : INFO : EPOCH 1 - PROGRESS: at 88.04% examples, 156224 words/s, in_qsize 79, out_qsize 0
2021-01-20 21:06:33,983 : INFO : EPOCH 1 - PROGRESS: at 89.42% examples, 155490 words/s, in_qsize 78, out_qsize 5
2021-01-20 21:06:35,693 : INFO : EPOCH 1 - PROGRESS: at 91.93% examples, 154887 words/s, in_qsize 79, out_qsize 0
2021-01-20 21:06:37,205 : INFO : EPOCH 1 - PROGRESS: at 94.81% examples, 155516 words/s, in_qsize 72, out_qsize 0
2021-01-20 21:06:38,120 : INFO : worker thread finished; awaiting finish of 39 more threads
2021-01-20 21:06:38,124 : INFO : worker thread finished; awaiting finish of 38 more threads
2021-01-20 21:06:38,229 : INFO : EPOCH 1 - PROGRESS: at 97.35% examples, 156837 words/s, in_qsize 37, out_qsize 1
2021-01-20 21:06:38,229 : INFO : worker thread finished; awaiting finish of 37 more threads
2021-01-20 21:06:38,233 : INFO : worker thread finished; awaiting finish of 36 more threads
2021-01-20 21:06:38,268 : INFO : worker thread finished; awaiting finish of 35 more threads
2021-01-20 21:06:38,297 : INFO : worker thread finished; awaiting finish of 34 more threads
2021-01-20 21:06:38,376 : INFO : worker thread finished; awaiting finish of 33 more threads
2021-01-20 21:06:38,633 : INFO : worker thread finished; awaiting finish of 32 more threads
2021-01-20 21:06:38,725 : INFO : worker thread finished; awaiting finish of 31 more threads
2021-01-20 21:06:38,842 : INFO : worker thread finished; awaiting finish of 30 more threads
2021-01-20 21:06:38,890 : INFO : worker thread finished; awaiting finish of 29 more threads
2021-01-20 21:06:38,950 : INFO : worker thread finished; awaiting finish of 28 more threads
2021-01-20 21:06:38,979 : INFO : worker thread finished; awaiting finish of 27 more threads
2021-01-20 21:06:38,994 : INFO : worker thread finished; awaiting finish of 26 more threads
2021-01-20 21:06:39,001 : INFO : worker thread finished; awaiting finish of 25 more threads
2021-01-20 21:06:39,062 : INFO : worker thread finished; awaiting finish of 24 more threads
2021-01-20 21:06:39,112 : INFO : worker thread finished; awaiting finish of 23 more threads
2021-01-20 21:06:39,129 : INFO : worker thread finished; awaiting finish of 22 more threads
2021-01-20 21:06:39,140 : INFO : worker thread finished; awaiting finish of 21 more threads
2021-01-20 21:06:39,187 : INFO : worker thread finished; awaiting finish of 20 more threads
2021-01-20 21:06:39,195 : INFO : worker thread finished; awaiting finish of 19 more threads
2021-01-20 21:06:39,216 : INFO : worker thread finished; awaiting finish of 18 more threads
2021-01-20 21:06:39,224 : INFO : worker thread finished; awaiting finish of 17 more threads
2021-01-20 21:06:39,233 : INFO : EPOCH 1 - PROGRESS: at 98.83% examples, 156458 words/s, in_qsize 16, out_qsize 1
2021-01-20 21:06:39,233 : INFO : worker thread finished; awaiting finish of 16 more threads
2021-01-20 21:06:39,237 : INFO : worker thread finished; awaiting finish of 15 more threads
2021-01-20 21:06:39,239 : INFO : worker thread finished; awaiting finish of 14 more threads
2021-01-20 21:06:39,244 : INFO : worker thread finished; awaiting finish of 13 more threads
2021-01-20 21:06:39,251 : INFO : worker thread finished; awaiting finish of 12 more threads
2021-01-20 21:06:39,258 : INFO : worker thread finished; awaiting finish of 11 more threads
2021-01-20 21:06:39,265 : INFO : worker thread finished; awaiting finish of 10 more threads
2021-01-20 21:06:39,268 : INFO : worker thread finished; awaiting finish of 9 more threads
2021-01-20 21:06:39,271 : INFO : worker thread finished; awaiting finish of 8 more threads
2021-01-20 21:06:39,275 : INFO : worker thread finished; awaiting finish of 7 more threads
2021-01-20 21:06:39,275 : INFO : worker thread finished; awaiting finish of 6 more threads
2021-01-20 21:06:39,276 : INFO : worker thread finished; awaiting finish of 5 more threads
2021-01-20 21:06:39,276 : INFO : worker thread finished; awaiting finish of 4 more threads
2021-01-20 21:06:39,279 : INFO : worker thread finished; awaiting finish of 3 more threads
2021-01-20 21:06:39,279 : INFO : worker thread finished; awaiting finish of 2 more threads
2021-01-20 21:06:39,282 : INFO : worker thread finished; awaiting finish of 1 more threads
2021-01-20 21:06:39,287 : INFO : worker thread finished; awaiting finish of 0 more threads
2021-01-20 21:06:39,287 : INFO : EPOCH - 1 : training on 13542393 raw words (9123545 effective words) took 57.7s, 158158 effective words/s
2021-01-20 21:06:40,423 : INFO : EPOCH 2 - PROGRESS: at 0.67% examples, 43390 words/s, in_qsize 79, out_qsize 0
2021-01-20 21:06:41,522 : INFO : EPOCH 2 - PROGRESS: at 1.05% examples, 34520 words/s, in_qsize 79, out_qsize 0
2021-01-20 21:06:42,599 : INFO : EPOCH 2 - PROGRESS: at 4.51% examples, 115984 words/s, in_qsize 79, out_qsize 0
2021-01-20 21:06:43,805 : INFO : EPOCH 2 - PROGRESS: at 4.97% examples, 94172 words/s, in_qsize 78, out_qsize 1
2021-01-20 21:06:45,104 : INFO : EPOCH 2 - PROGRESS: at 8.48% examples, 128889 words/s, in_qsize 79, out_qsize 0
2021-01-20 21:06:46,187 : INFO : EPOCH 2 - PROGRESS: at 9.22% examples, 118516 words/s, in_qsize 78, out_qsize 1
2021-01-20 21:06:47,545 : INFO : EPOCH 2 - PROGRESS: at 12.30% examples, 133638 words/s, in_qsize 79, out_qsize 0
2021-01-20 21:06:48,560 : INFO : EPOCH 2 - PROGRESS: at 14.41% examples, 139460 words/s, in_qsize 79, out_qsize 7
2021-01-20 21:06:49,566 : INFO : EPOCH 2 - PROGRESS: at 15.98% examples, 139669 words/s, in_qsize 79, out_qsize 0
2021-01-20 21:06:50,567 : INFO : EPOCH 2 - PROGRESS: at 18.27% examples, 146059 words/s, in_qsize 80, out_qsize 0
2021-01-20 21:06:51,616 : INFO : EPOCH 2 - PROGRESS: at 19.40% examples, 141868 words/s, in_qsize 78, out_qsize 1
2021-01-20 21:06:52,620 : INFO : EPOCH 2 - PROGRESS: at 22.09% examples, 149387 words/s, in_qsize 79, out_qsize 0
2021-01-20 21:06:53,766 : INFO : EPOCH 2 - PROGRESS: at 23.21% examples, 144539 words/s, in_qsize 79, out_qsize 0
2021-01-20 21:06:54,777 : INFO : EPOCH 2 - PROGRESS: at 25.89% examples, 150776 words/s, in_qsize 79, out_qsize 0
2021-01-20 21:06:55,830 : INFO : EPOCH 2 - PROGRESS: at 26.79% examples, 146064 words/s, in_qsize 79, out_qsize 0
2021-01-20 21:06:56,906 : INFO : EPOCH 2 - PROGRESS: at 29.46% examples, 150947 words/s, in_qsize 79, out_qsize 0
2021-01-20 21:06:58,212 : INFO : EPOCH 2 - PROGRESS: at 30.44% examples, 145171 words/s, in_qsize 79, out_qsize 0
2021-01-20 21:06:59,432 : INFO : EPOCH 2 - PROGRESS: at 33.43% examples, 149743 words/s, in_qsize 79, out_qsize 0
2021-01-20 21:07:00,477 : INFO : EPOCH 2 - PROGRESS: at 34.63% examples, 147419 words/s, in_qsize 79, out_qsize 0
2021-01-20 21:07:01,743 : INFO : EPOCH 2 - PROGRESS: at 37.77% examples, 151679 words/s, in_qsize 79, out_qsize 0
2021-01-20 21:07:02,782 : INFO : EPOCH 2 - PROGRESS: at 38.29% examples, 146985 words/s, in_qsize 79, out_qsize 0
2021-01-20 21:07:03,842 : INFO : EPOCH 2 - PROGRESS: at 41.21% examples, 151716 words/s, in_qsize 79, out_qsize 0
2021-01-20 21:07:04,856 : INFO : EPOCH 2 - PROGRESS: at 42.31% examples, 149649 words/s, in_qsize 75, out_qsize 3
2021-01-20 21:07:05,959 : INFO : EPOCH 2 - PROGRESS: at 44.66% examples, 151517 words/s, in_qsize 79, out_qsize 0
2021-01-20 21:07:07,005 : INFO : EPOCH 2 - PROGRESS: at 46.59% examples, 152069 words/s, in_qsize 75, out_qsize 5
2021-01-20 21:07:08,005 : INFO : EPOCH 2 - PROGRESS: at 48.29% examples, 152109 words/s, in_qsize 79, out_qsize 0
2021-01-20 21:07:09,007 : INFO : EPOCH 2 - PROGRESS: at 50.46% examples, 153735 words/s, in_qsize 80, out_qsize 0
2021-01-20 21:07:10,153 : INFO : EPOCH 2 - PROGRESS: at 51.62% examples, 151501 words/s, in_qsize 79, out_qsize 0
2021-01-20 21:07:11,228 : INFO : EPOCH 2 - PROGRESS: at 54.37% examples, 154407 words/s, in_qsize 79, out_qsize 0
2021-01-20 21:07:12,236 : INFO : EPOCH 2 - PROGRESS: at 55.25% examples, 152127 words/s, in_qsize 79, out_qsize 0
2021-01-20 21:07:13,239 : INFO : EPOCH 2 - PROGRESS: at 57.99% examples, 155137 words/s, in_qsize 79, out_qsize 0
2021-01-20 21:07:14,441 : INFO : EPOCH 2 - PROGRESS: at 58.79% examples, 151926 words/s, in_qsize 79, out_qsize 0
2021-01-20 21:07:15,604 : INFO : EPOCH 2 - PROGRESS: at 61.73% examples, 154431 words/s, in_qsize 79, out_qsize 0
2021-01-20 21:07:16,672 : INFO : EPOCH 2 - PROGRESS: at 62.67% examples, 152350 words/s, in_qsize 79, out_qsize 0
2021-01-20 21:07:17,700 : INFO : EPOCH 2 - PROGRESS: at 65.29% examples, 154549 words/s, in_qsize 79, out_qsize 0
2021-01-20 21:07:18,734 : INFO : EPOCH 2 - PROGRESS: at 66.08% examples, 152371 words/s, in_qsize 79, out_qsize 0
2021-01-20 21:07:19,909 : INFO : EPOCH 2 - PROGRESS: at 68.80% examples, 154091 words/s, in_qsize 79, out_qsize 0
2021-01-20 21:07:20,913 : INFO : EPOCH 2 - PROGRESS: at 70.13% examples, 153259 words/s, in_qsize 77, out_qsize 0
2021-01-20 21:07:22,067 : INFO : EPOCH 2 - PROGRESS: at 72.61% examples, 154448 words/s, in_qsize 79, out_qsize 0
2021-01-20 21:07:23,100 : INFO : EPOCH 2 - PROGRESS: at 74.72% examples, 155191 words/s, in_qsize 68, out_qsize 2
2021-01-20 21:07:24,622 : INFO : EPOCH 2 - PROGRESS: at 76.47% examples, 153515 words/s, in_qsize 79, out_qsize 0
2021-01-20 21:07:25,791 : INFO : EPOCH 2 - PROGRESS: at 79.37% examples, 155410 words/s, in_qsize 80, out_qsize 0
2021-01-20 21:07:26,825 : INFO : EPOCH 2 - PROGRESS: at 80.17% examples, 153578 words/s, in_qsize 79, out_qsize 0
2021-01-20 21:07:27,892 : INFO : EPOCH 2 - PROGRESS: at 83.08% examples, 155715 words/s, in_qsize 79, out_qsize 0
2021-01-20 21:07:28,919 : INFO : EPOCH 2 - PROGRESS: at 83.79% examples, 153840 words/s, in_qsize 79, out_qsize 0
2021-01-20 21:07:30,066 : INFO : EPOCH 2 - PROGRESS: at 86.49% examples, 155188 words/s, in_qsize 79, out_qsize 0
2021-01-20 21:07:31,092 : INFO : EPOCH 2 - PROGRESS: at 87.52% examples, 153906 words/s, in_qsize 79, out_qsize 0
2021-01-20 21:07:32,363 : INFO : EPOCH 2 - PROGRESS: at 90.43% examples, 155239 words/s, in_qsize 79, out_qsize 1
2021-01-20 21:07:33,380 : INFO : EPOCH 2 - PROGRESS: at 92.79% examples, 156396 words/s, in_qsize 78, out_qsize 1
2021-01-20 21:07:34,404 : INFO : EPOCH 2 - PROGRESS: at 93.58% examples, 154832 words/s, in_qsize 79, out_qsize 0
2021-01-20 21:07:35,473 : INFO : EPOCH 2 - PROGRESS: at 96.27% examples, 156307 words/s, in_qsize 52, out_qsize 0
2021-01-20 21:07:36,474 : INFO : EPOCH 2 - PROGRESS: at 97.13% examples, 154973 words/s, in_qsize 40, out_qsize 0
2021-01-20 21:07:36,533 : INFO : worker thread finished; awaiting finish of 39 more threads
2021-01-20 21:07:36,534 : INFO : worker thread finished; awaiting finish of 38 more threads
2021-01-20 21:07:36,553 : INFO : worker thread finished; awaiting finish of 37 more threads
2021-01-20 21:07:36,575 : INFO : worker thread finished; awaiting finish of 36 more threads
2021-01-20 21:07:36,577 : INFO : worker thread finished; awaiting finish of 35 more threads
2021-01-20 21:07:36,604 : INFO : worker thread finished; awaiting finish of 34 more threads
2021-01-20 21:07:36,607 : INFO : worker thread finished; awaiting finish of 33 more threads
2021-01-20 21:07:36,617 : INFO : worker thread finished; awaiting finish of 32 more threads
2021-01-20 21:07:36,673 : INFO : worker thread finished; awaiting finish of 31 more threads
2021-01-20 21:07:36,719 : INFO : worker thread finished; awaiting finish of 30 more threads
2021-01-20 21:07:36,738 : INFO : worker thread finished; awaiting finish of 29 more threads
2021-01-20 21:07:36,753 : INFO : worker thread finished; awaiting finish of 28 more threads
2021-01-20 21:07:36,760 : INFO : worker thread finished; awaiting finish of 27 more threads
2021-01-20 21:07:36,786 : INFO : worker thread finished; awaiting finish of 26 more threads
2021-01-20 21:07:36,792 : INFO : worker thread finished; awaiting finish of 25 more threads
2021-01-20 21:07:36,795 : INFO : worker thread finished; awaiting finish of 24 more threads
2021-01-20 21:07:36,800 : INFO : worker thread finished; awaiting finish of 23 more threads
2021-01-20 21:07:36,825 : INFO : worker thread finished; awaiting finish of 22 more threads
2021-01-20 21:07:36,843 : INFO : worker thread finished; awaiting finish of 21 more threads
2021-01-20 21:07:36,843 : INFO : worker thread finished; awaiting finish of 20 more threads
2021-01-20 21:07:36,845 : INFO : worker thread finished; awaiting finish of 19 more threads
2021-01-20 21:07:36,847 : INFO : worker thread finished; awaiting finish of 18 more threads
2021-01-20 21:07:36,851 : INFO : worker thread finished; awaiting finish of 17 more threads
2021-01-20 21:07:36,852 : INFO : worker thread finished; awaiting finish of 16 more threads
2021-01-20 21:07:36,856 : INFO : worker thread finished; awaiting finish of 15 more threads
2021-01-20 21:07:36,870 : INFO : worker thread finished; awaiting finish of 14 more threads
2021-01-20 21:07:36,871 : INFO : worker thread finished; awaiting finish of 13 more threads
2021-01-20 21:07:36,877 : INFO : worker thread finished; awaiting finish of 12 more threads
2021-01-20 21:07:36,893 : INFO : worker thread finished; awaiting finish of 11 more threads
2021-01-20 21:07:36,964 : INFO : worker thread finished; awaiting finish of 10 more threads
2021-01-20 21:07:36,977 : INFO : worker thread finished; awaiting finish of 9 more threads
2021-01-20 21:07:37,044 : INFO : worker thread finished; awaiting finish of 8 more threads
2021-01-20 21:07:37,049 : INFO : worker thread finished; awaiting finish of 7 more threads
2021-01-20 21:07:37,053 : INFO : worker thread finished; awaiting finish of 6 more threads
2021-01-20 21:07:37,056 : INFO : worker thread finished; awaiting finish of 5 more threads
2021-01-20 21:07:37,088 : INFO : worker thread finished; awaiting finish of 4 more threads
2021-01-20 21:07:37,090 : INFO : worker thread finished; awaiting finish of 3 more threads
2021-01-20 21:07:37,092 : INFO : worker thread finished; awaiting finish of 2 more threads
2021-01-20 21:07:37,094 : INFO : worker thread finished; awaiting finish of 1 more threads
2021-01-20 21:07:37,103 : INFO : worker thread finished; awaiting finish of 0 more threads
2021-01-20 21:07:37,104 : INFO : EPOCH - 2 : training on 13542393 raw words (9122452 effective words) took 57.8s, 157817 effective words/s
2021-01-20 21:07:38,175 : INFO : EPOCH 3 - PROGRESS: at 0.86% examples, 59090 words/s, in_qsize 79, out_qsize 0
2021-01-20 21:07:39,195 : INFO : EPOCH 3 - PROGRESS: at 1.14% examples, 40127 words/s, in_qsize 79, out_qsize 0
2021-01-20 21:07:40,653 : INFO : EPOCH 3 - PROGRESS: at 4.28% examples, 102166 words/s, in_qsize 78, out_qsize 1
2021-01-20 21:07:41,748 : INFO : EPOCH 3 - PROGRESS: at 5.57% examples, 103534 words/s, in_qsize 80, out_qsize 0
2021-01-20 21:07:42,858 : INFO : EPOCH 3 - PROGRESS: at 8.26% examples, 126738 words/s, in_qsize 79, out_qsize 0
2021-01-20 21:07:43,884 : INFO : EPOCH 3 - PROGRESS: at 10.03% examples, 131612 words/s, in_qsize 72, out_qsize 1
2021-01-20 21:07:45,035 : INFO : EPOCH 3 - PROGRESS: at 11.86% examples, 134017 words/s, in_qsize 79, out_qsize 0
2021-01-20 21:07:46,066 : INFO : EPOCH 3 - PROGRESS: at 13.88% examples, 139052 words/s, in_qsize 65, out_qsize 8
2021-01-20 21:07:47,086 : INFO : EPOCH 3 - PROGRESS: at 15.53% examples, 139776 words/s, in_qsize 79, out_qsize 0
2021-01-20 21:07:48,124 : INFO : EPOCH 3 - PROGRESS: at 17.38% examples, 142096 words/s, in_qsize 72, out_qsize 3
2021-01-20 21:07:49,295 : INFO : EPOCH 3 - PROGRESS: at 19.10% examples, 141299 words/s, in_qsize 79, out_qsize 0
2021-01-20 21:07:50,426 : INFO : EPOCH 3 - PROGRESS: at 22.09% examples, 149572 words/s, in_qsize 79, out_qsize 0
2021-01-20 21:07:51,556 : INFO : EPOCH 3 - PROGRESS: at 23.13% examples, 144400 words/s, in_qsize 79, out_qsize 0
2021-01-20 21:07:53,544 : INFO : EPOCH 3 - PROGRESS: at 26.49% examples, 145385 words/s, in_qsize 79, out_qsize 0
2021-01-20 21:07:54,902 : INFO : EPOCH 3 - PROGRESS: at 29.46% examples, 149482 words/s, in_qsize 79, out_qsize 0
2021-01-20 21:07:55,973 : INFO : EPOCH 3 - PROGRESS: at 30.98% examples, 148129 words/s, in_qsize 79, out_qsize 0
2021-01-20 21:07:56,979 : INFO : EPOCH 3 - PROGRESS: at 33.51% examples, 152139 words/s, in_qsize 79, out_qsize 0
2021-01-20 21:07:58,077 : INFO : EPOCH 3 - PROGRESS: at 34.56% examples, 148650 words/s, in_qsize 78, out_qsize 1
2021-01-20 21:07:59,080 : INFO : EPOCH 3 - PROGRESS: at 37.33% examples, 153167 words/s, in_qsize 76, out_qsize 1
2021-01-20 21:08:00,092 : INFO : EPOCH 3 - PROGRESS: at 38.29% examples, 150241 words/s, in_qsize 79, out_qsize 0
2021-01-20 21:08:01,113 : INFO : EPOCH 3 - PROGRESS: at 40.47% examples, 152356 words/s, in_qsize 79, out_qsize 0
2021-01-20 21:08:02,134 : INFO : EPOCH 3 - PROGRESS: at 42.54% examples, 153690 words/s, in_qsize 80, out_qsize 0
2021-01-20 21:08:03,203 : INFO : EPOCH 3 - PROGRESS: at 43.92% examples, 152298 words/s, in_qsize 79, out_qsize 0
2021-01-20 21:08:04,312 : INFO : EPOCH 3 - PROGRESS: at 46.52% examples, 154703 words/s, in_qsize 79, out_qsize 0
2021-01-20 21:08:05,331 : INFO : EPOCH 3 - PROGRESS: at 47.86% examples, 153360 words/s, in_qsize 79, out_qsize 0
2021-01-20 21:08:06,385 : INFO : EPOCH 3 - PROGRESS: at 49.95% examples, 154472 words/s, in_qsize 79, out_qsize 0
2021-01-20 21:08:07,471 : INFO : EPOCH 3 - PROGRESS: at 51.40% examples, 153350 words/s, in_qsize 79, out_qsize 0
2021-01-20 21:08:08,479 : INFO : EPOCH 3 - PROGRESS: at 53.59% examples, 154863 words/s, in_qsize 79, out_qsize 0
2021-01-20 21:08:09,482 : INFO : EPOCH 3 - PROGRESS: at 54.95% examples, 154018 words/s, in_qsize 78, out_qsize 1
2021-01-20 21:08:10,483 : INFO : EPOCH 3 - PROGRESS: at 56.85% examples, 154623 words/s, in_qsize 79, out_qsize 0
2021-01-20 21:08:11,502 : INFO : EPOCH 3 - PROGRESS: at 58.86% examples, 155495 words/s, in_qsize 76, out_qsize 1
2021-01-20 21:08:12,538 : INFO : EPOCH 3 - PROGRESS: at 60.57% examples, 155284 words/s, in_qsize 79, out_qsize 0
2021-01-20 21:08:13,595 : INFO : EPOCH 3 - PROGRESS: at 62.44% examples, 155567 words/s, in_qsize 79, out_qsize 0
2021-01-20 21:08:14,597 : INFO : EPOCH 3 - PROGRESS: at 63.99% examples, 155160 words/s, in_qsize 79, out_qsize 0
2021-01-20 21:08:15,619 : INFO : EPOCH 3 - PROGRESS: at 65.57% examples, 154875 words/s, in_qsize 66, out_qsize 10
2021-01-20 21:08:16,622 : INFO : EPOCH 3 - PROGRESS: at 68.06% examples, 156740 words/s, in_qsize 79, out_qsize 0
2021-01-20 21:08:17,645 : INFO : EPOCH 3 - PROGRESS: at 69.61% examples, 156242 words/s, in_qsize 80, out_qsize 2
2021-01-20 21:08:18,645 : INFO : EPOCH 3 - PROGRESS: at 71.38% examples, 156344 words/s, in_qsize 79, out_qsize 0
2021-01-20 21:08:19,697 : INFO : EPOCH 3 - PROGRESS: at 73.49% examples, 157025 words/s, in_qsize 74, out_qsize 6
2021-01-20 21:08:20,720 : INFO : EPOCH 3 - PROGRESS: at 74.65% examples, 155774 words/s, in_qsize 79, out_qsize 0
2021-01-20 21:08:21,731 : INFO : EPOCH 3 - PROGRESS: at 77.34% examples, 157785 words/s, in_qsize 72, out_qsize 0
2021-01-20 21:08:22,749 : INFO : EPOCH 3 - PROGRESS: at 78.42% examples, 156466 words/s, in_qsize 79, out_qsize 0
2021-01-20 21:08:23,849 : INFO : EPOCH 3 - PROGRESS: at 80.53% examples, 156935 words/s, in_qsize 79, out_qsize 2
2021-01-20 21:08:24,944 : INFO : EPOCH 3 - PROGRESS: at 82.20% examples, 156552 words/s, in_qsize 79, out_qsize 0
2021-01-20 21:08:25,961 : INFO : EPOCH 3 - PROGRESS: at 84.80% examples, 158197 words/s, in_qsize 78, out_qsize 1
2021-01-20 21:08:26,999 : INFO : EPOCH 3 - PROGRESS: at 85.83% examples, 156764 words/s, in_qsize 79, out_qsize 0
2021-01-20 21:08:28,027 : INFO : EPOCH 3 - PROGRESS: at 88.26% examples, 157900 words/s, in_qsize 79, out_qsize 0
2021-01-20 21:08:29,046 : INFO : EPOCH 3 - PROGRESS: at 89.43% examples, 156857 words/s, in_qsize 80, out_qsize 0
2021-01-20 21:08:30,085 : INFO : EPOCH 3 - PROGRESS: at 91.51% examples, 157434 words/s, in_qsize 79, out_qsize 0
2021-01-20 21:08:31,225 : INFO : EPOCH 3 - PROGRESS: at 93.01% examples, 156711 words/s, in_qsize 79, out_qsize 0
2021-01-20 21:08:32,239 : INFO : EPOCH 3 - PROGRESS: at 95.33% examples, 157730 words/s, in_qsize 65, out_qsize 0
2021-01-20 21:08:33,253 : INFO : EPOCH 3 - PROGRESS: at 96.84% examples, 157382 words/s, in_qsize 44, out_qsize 0
2021-01-20 21:08:33,326 : INFO : worker thread finished; awaiting finish of 39 more threads
2021-01-20 21:08:33,471 : INFO : worker thread finished; awaiting finish of 38 more threads
2021-01-20 21:08:33,485 : INFO : worker thread finished; awaiting finish of 37 more threads
2021-01-20 21:08:33,536 : INFO : worker thread finished; awaiting finish of 36 more threads
2021-01-20 21:08:33,653 : INFO : worker thread finished; awaiting finish of 35 more threads
2021-01-20 21:08:33,660 : INFO : worker thread finished; awaiting finish of 34 more threads
2021-01-20 21:08:33,687 : INFO : worker thread finished; awaiting finish of 33 more threads
2021-01-20 21:08:33,716 : INFO : worker thread finished; awaiting finish of 32 more threads
2021-01-20 21:08:33,734 : INFO : worker thread finished; awaiting finish of 31 more threads
2021-01-20 21:08:33,742 : INFO : worker thread finished; awaiting finish of 30 more threads
2021-01-20 21:08:33,749 : INFO : worker thread finished; awaiting finish of 29 more threads
2021-01-20 21:08:33,771 : INFO : worker thread finished; awaiting finish of 28 more threads
2021-01-20 21:08:33,805 : INFO : worker thread finished; awaiting finish of 27 more threads
2021-01-20 21:08:33,810 : INFO : worker thread finished; awaiting finish of 26 more threads
2021-01-20 21:08:33,817 : INFO : worker thread finished; awaiting finish of 25 more threads
2021-01-20 21:08:33,843 : INFO : worker thread finished; awaiting finish of 24 more threads
2021-01-20 21:08:33,930 : INFO : worker thread finished; awaiting finish of 23 more threads
2021-01-20 21:08:33,973 : INFO : worker thread finished; awaiting finish of 22 more threads
2021-01-20 21:08:33,974 : INFO : worker thread finished; awaiting finish of 21 more threads
2021-01-20 21:08:33,977 : INFO : worker thread finished; awaiting finish of 20 more threads
2021-01-20 21:08:34,026 : INFO : worker thread finished; awaiting finish of 19 more threads
2021-01-20 21:08:34,050 : INFO : worker thread finished; awaiting finish of 18 more threads
2021-01-20 21:08:34,086 : INFO : worker thread finished; awaiting finish of 17 more threads
2021-01-20 21:08:34,113 : INFO : worker thread finished; awaiting finish of 16 more threads
2021-01-20 21:08:34,120 : INFO : worker thread finished; awaiting finish of 15 more threads
2021-01-20 21:08:34,141 : INFO : worker thread finished; awaiting finish of 14 more threads
2021-01-20 21:08:34,143 : INFO : worker thread finished; awaiting finish of 13 more threads
2021-01-20 21:08:34,147 : INFO : worker thread finished; awaiting finish of 12 more threads
2021-01-20 21:08:34,184 : INFO : worker thread finished; awaiting finish of 11 more threads
2021-01-20 21:08:34,193 : INFO : worker thread finished; awaiting finish of 10 more threads
2021-01-20 21:08:34,197 : INFO : worker thread finished; awaiting finish of 9 more threads
2021-01-20 21:08:34,198 : INFO : worker thread finished; awaiting finish of 8 more threads
2021-01-20 21:08:34,198 : INFO : worker thread finished; awaiting finish of 7 more threads
2021-01-20 21:08:34,230 : INFO : worker thread finished; awaiting finish of 6 more threads
2021-01-20 21:08:34,232 : INFO : worker thread finished; awaiting finish of 5 more threads
2021-01-20 21:08:34,233 : INFO : worker thread finished; awaiting finish of 4 more threads
2021-01-20 21:08:34,236 : INFO : worker thread finished; awaiting finish of 3 more threads
2021-01-20 21:08:34,238 : INFO : worker thread finished; awaiting finish of 2 more threads
2021-01-20 21:08:34,241 : INFO : worker thread finished; awaiting finish of 1 more threads
2021-01-20 21:08:34,244 : INFO : worker thread finished; awaiting finish of 0 more threads
2021-01-20 21:08:34,244 : INFO : EPOCH - 3 : training on 13542393 raw words (9123432 effective words) took 57.1s, 159701 effective words/s
2021-01-20 21:08:35,525 : INFO : EPOCH 4 - PROGRESS: at 0.48% examples, 27347 words/s, in_qsize 79, out_qsize 0
2021-01-20 21:08:36,533 : INFO : EPOCH 4 - PROGRESS: at 1.23% examples, 39635 words/s, in_qsize 79, out_qsize 0
2021-01-20 21:08:37,568 : INFO : EPOCH 4 - PROGRESS: at 3.97% examples, 100847 words/s, in_qsize 79, out_qsize 0
2021-01-20 21:08:38,740 : INFO : EPOCH 4 - PROGRESS: at 4.81% examples, 91441 words/s, in_qsize 79, out_qsize 0
2021-01-20 21:08:40,561 : INFO : EPOCH 4 - PROGRESS: at 8.33% examples, 116540 words/s, in_qsize 79, out_qsize 0
2021-01-20 21:08:41,717 : INFO : EPOCH 4 - PROGRESS: at 11.35% examples, 135886 words/s, in_qsize 79, out_qsize 0
2021-01-20 21:08:42,959 : INFO : EPOCH 4 - PROGRESS: at 12.08% examples, 124314 words/s, in_qsize 79, out_qsize 0
2021-01-20 21:08:44,136 : INFO : EPOCH 4 - PROGRESS: at 15.24% examples, 138322 words/s, in_qsize 79, out_qsize 0
2021-01-20 21:08:45,144 : INFO : EPOCH 4 - PROGRESS: at 15.75% examples, 129846 words/s, in_qsize 79, out_qsize 0
2021-01-20 21:08:46,273 : INFO : EPOCH 4 - PROGRESS: at 18.72% examples, 140347 words/s, in_qsize 79, out_qsize 0
2021-01-20 21:08:47,280 : INFO : EPOCH 4 - PROGRESS: at 20.15% examples, 139375 words/s, in_qsize 76, out_qsize 3
2021-01-20 21:08:48,290 : INFO : EPOCH 4 - PROGRESS: at 22.23% examples, 142766 words/s, in_qsize 79, out_qsize 0
2021-01-20 21:08:49,340 : INFO : EPOCH 4 - PROGRESS: at 24.55% examples, 146632 words/s, in_qsize 71, out_qsize 2
2021-01-20 21:08:50,460 : INFO : EPOCH 4 - PROGRESS: at 25.97% examples, 144438 words/s, in_qsize 79, out_qsize 0
2021-01-20 21:08:51,466 : INFO : EPOCH 4 - PROGRESS: at 28.58% examples, 149738 words/s, in_qsize 79, out_qsize 0
2021-01-20 21:08:52,539 : INFO : EPOCH 4 - PROGRESS: at 29.69% examples, 146467 words/s, in_qsize 79, out_qsize 0
2021-01-20 21:08:53,575 : INFO : EPOCH 4 - PROGRESS: at 32.25% examples, 150496 words/s, in_qsize 79, out_qsize 0
2021-01-20 21:08:54,629 : INFO : EPOCH 4 - PROGRESS: at 33.65% examples, 148966 words/s, in_qsize 79, out_qsize 0
2021-01-20 21:08:55,718 : INFO : EPOCH 4 - PROGRESS: at 35.84% examples, 150446 words/s, in_qsize 79, out_qsize 0
2021-01-20 21:08:56,733 : INFO : EPOCH 4 - PROGRESS: at 37.04% examples, 148426 words/s, in_qsize 79, out_qsize 0
2021-01-20 21:08:57,764 : INFO : EPOCH 4 - PROGRESS: at 39.53% examples, 151719 words/s, in_qsize 79, out_qsize 0
2021-01-20 21:08:58,770 : INFO : EPOCH 4 - PROGRESS: at 40.62% examples, 149660 words/s, in_qsize 78, out_qsize 1
2021-01-20 21:08:59,809 : INFO : EPOCH 4 - PROGRESS: at 43.05% examples, 152287 words/s, in_qsize 79, out_qsize 0
2021-01-20 21:09:00,847 : INFO : EPOCH 4 - PROGRESS: at 44.07% examples, 149892 words/s, in_qsize 79, out_qsize 0
2021-01-20 21:09:01,905 : INFO : EPOCH 4 - PROGRESS: at 46.75% examples, 152863 words/s, in_qsize 79, out_qsize 0
2021-01-20 21:09:03,000 : INFO : EPOCH 4 - PROGRESS: at 47.56% examples, 149587 words/s, in_qsize 79, out_qsize 0
2021-01-20 21:09:04,225 : INFO : EPOCH 4 - PROGRESS: at 50.46% examples, 152399 words/s, in_qsize 79, out_qsize 0
2021-01-20 21:09:05,229 : INFO : EPOCH 4 - PROGRESS: at 51.48% examples, 150482 words/s, in_qsize 78, out_qsize 1
2021-01-20 21:09:06,243 : INFO : EPOCH 4 - PROGRESS: at 54.38% examples, 154135 words/s, in_qsize 79, out_qsize 0
2021-01-20 21:09:07,266 : INFO : EPOCH 4 - PROGRESS: at 54.88% examples, 150780 words/s, in_qsize 79, out_qsize 0
2021-01-20 21:09:08,307 : INFO : EPOCH 4 - PROGRESS: at 57.42% examples, 153066 words/s, in_qsize 79, out_qsize 0
2021-01-20 21:09:09,309 : INFO : EPOCH 4 - PROGRESS: at 58.87% examples, 152511 words/s, in_qsize 79, out_qsize 0
2021-01-20 21:09:10,439 : INFO : EPOCH 4 - PROGRESS: at 61.16% examples, 153478 words/s, in_qsize 79, out_qsize 0
2021-01-20 21:09:11,447 : INFO : EPOCH 4 - PROGRESS: at 62.96% examples, 153825 words/s, in_qsize 76, out_qsize 0
2021-01-20 21:09:12,462 : INFO : EPOCH 4 - PROGRESS: at 64.78% examples, 154127 words/s, in_qsize 79, out_qsize 0
2021-01-20 21:09:13,471 : INFO : EPOCH 4 - PROGRESS: at 66.74% examples, 154790 words/s, in_qsize 78, out_qsize 0
2021-01-20 21:09:14,497 : INFO : EPOCH 4 - PROGRESS: at 68.14% examples, 154017 words/s, in_qsize 79, out_qsize 0
2021-01-20 21:09:15,503 : INFO : EPOCH 4 - PROGRESS: at 70.28% examples, 154963 words/s, in_qsize 70, out_qsize 0
2021-01-20 21:09:16,520 : INFO : EPOCH 4 - PROGRESS: at 71.89% examples, 154719 words/s, in_qsize 79, out_qsize 0
2021-01-20 21:09:17,558 : INFO : EPOCH 4 - PROGRESS: at 73.99% examples, 155467 words/s, in_qsize 73, out_qsize 1
2021-01-20 21:09:18,790 : INFO : EPOCH 4 - PROGRESS: at 75.67% examples, 154604 words/s, in_qsize 79, out_qsize 0
2021-01-20 21:09:19,816 : INFO : EPOCH 4 - PROGRESS: at 78.49% examples, 156851 words/s, in_qsize 79, out_qsize 0
2021-01-20 21:09:20,932 : INFO : EPOCH 4 - PROGRESS: at 79.44% examples, 154964 words/s, in_qsize 79, out_qsize 0
2021-01-20 21:09:21,991 : INFO : EPOCH 4 - PROGRESS: at 81.69% examples, 155871 words/s, in_qsize 79, out_qsize 0
2021-01-20 21:09:23,283 : INFO : EPOCH 4 - PROGRESS: at 83.01% examples, 154217 words/s, in_qsize 79, out_qsize 0
2021-01-20 21:09:24,307 : INFO : EPOCH 4 - PROGRESS: at 85.61% examples, 155836 words/s, in_qsize 79, out_qsize 0
2021-01-20 21:09:25,328 : INFO : EPOCH 4 - PROGRESS: at 86.71% examples, 154655 words/s, in_qsize 79, out_qsize 0
2021-01-20 21:09:26,358 : INFO : EPOCH 4 - PROGRESS: at 89.43% examples, 156330 words/s, in_qsize 79, out_qsize 0
2021-01-20 21:09:27,375 : INFO : EPOCH 4 - PROGRESS: at 90.07% examples, 154467 words/s, in_qsize 79, out_qsize 0
2021-01-20 21:09:28,670 : INFO : EPOCH 4 - PROGRESS: at 92.86% examples, 155579 words/s, in_qsize 79, out_qsize 0
2021-01-20 21:09:29,689 : INFO : EPOCH 4 - PROGRESS: at 95.55% examples, 157211 words/s, in_qsize 62, out_qsize 0
2021-01-20 21:09:30,762 : INFO : EPOCH 4 - PROGRESS: at 96.20% examples, 155293 words/s, in_qsize 53, out_qsize 0
2021-01-20 21:09:31,164 : INFO : worker thread finished; awaiting finish of 39 more threads
2021-01-20 21:09:31,179 : INFO : worker thread finished; awaiting finish of 38 more threads
2021-01-20 21:09:31,202 : INFO : worker thread finished; awaiting finish of 37 more threads
2021-01-20 21:09:31,215 : INFO : worker thread finished; awaiting finish of 36 more threads
2021-01-20 21:09:31,262 : INFO : worker thread finished; awaiting finish of 35 more threads
2021-01-20 21:09:31,264 : INFO : worker thread finished; awaiting finish of 34 more threads
2021-01-20 21:09:31,272 : INFO : worker thread finished; awaiting finish of 33 more threads
2021-01-20 21:09:31,286 : INFO : worker thread finished; awaiting finish of 32 more threads
2021-01-20 21:09:31,288 : INFO : worker thread finished; awaiting finish of 31 more threads
2021-01-20 21:09:31,297 : INFO : worker thread finished; awaiting finish of 30 more threads
2021-01-20 21:09:31,304 : INFO : worker thread finished; awaiting finish of 29 more threads
2021-01-20 21:09:31,308 : INFO : worker thread finished; awaiting finish of 28 more threads
2021-01-20 21:09:31,321 : INFO : worker thread finished; awaiting finish of 27 more threads
2021-01-20 21:09:31,326 : INFO : worker thread finished; awaiting finish of 26 more threads
2021-01-20 21:09:31,329 : INFO : worker thread finished; awaiting finish of 25 more threads
2021-01-20 21:09:31,329 : INFO : worker thread finished; awaiting finish of 24 more threads
2021-01-20 21:09:31,331 : INFO : worker thread finished; awaiting finish of 23 more threads
2021-01-20 21:09:31,342 : INFO : worker thread finished; awaiting finish of 22 more threads
2021-01-20 21:09:31,344 : INFO : worker thread finished; awaiting finish of 21 more threads
2021-01-20 21:09:31,353 : INFO : worker thread finished; awaiting finish of 20 more threads
2021-01-20 21:09:31,527 : INFO : worker thread finished; awaiting finish of 19 more threads
2021-01-20 21:09:31,560 : INFO : worker thread finished; awaiting finish of 18 more threads
2021-01-20 21:09:31,658 : INFO : worker thread finished; awaiting finish of 17 more threads
2021-01-20 21:09:31,697 : INFO : worker thread finished; awaiting finish of 16 more threads
2021-01-20 21:09:31,742 : INFO : worker thread finished; awaiting finish of 15 more threads
2021-01-20 21:09:31,750 : INFO : worker thread finished; awaiting finish of 14 more threads
2021-01-20 21:09:31,754 : INFO : worker thread finished; awaiting finish of 13 more threads
2021-01-20 21:09:31,809 : INFO : EPOCH 4 - PROGRESS: at 99.13% examples, 157140 words/s, in_qsize 12, out_qsize 1
2021-01-20 21:09:31,809 : INFO : worker thread finished; awaiting finish of 12 more threads
2021-01-20 21:09:31,818 : INFO : worker thread finished; awaiting finish of 11 more threads
2021-01-20 21:09:31,820 : INFO : worker thread finished; awaiting finish of 10 more threads
2021-01-20 21:09:31,822 : INFO : worker thread finished; awaiting finish of 9 more threads
2021-01-20 21:09:31,829 : INFO : worker thread finished; awaiting finish of 8 more threads
2021-01-20 21:09:31,832 : INFO : worker thread finished; awaiting finish of 7 more threads
2021-01-20 21:09:31,841 : INFO : worker thread finished; awaiting finish of 6 more threads
2021-01-20 21:09:31,844 : INFO : worker thread finished; awaiting finish of 5 more threads
2021-01-20 21:09:31,852 : INFO : worker thread finished; awaiting finish of 4 more threads
2021-01-20 21:09:31,853 : INFO : worker thread finished; awaiting finish of 3 more threads
2021-01-20 21:09:31,856 : INFO : worker thread finished; awaiting finish of 2 more threads
2021-01-20 21:09:31,858 : INFO : worker thread finished; awaiting finish of 1 more threads
2021-01-20 21:09:31,861 : INFO : worker thread finished; awaiting finish of 0 more threads
2021-01-20 21:09:31,861 : INFO : EPOCH - 4 : training on 13542393 raw words (9123928 effective words) took 57.6s, 158388 effective words/s
2021-01-20 21:09:32,919 : INFO : EPOCH 5 - PROGRESS: at 2.03% examples, 153331 words/s, in_qsize 71, out_qsize 0
2021-01-20 21:09:34,234 : INFO : EPOCH 5 - PROGRESS: at 3.27% examples, 115034 words/s, in_qsize 79, out_qsize 0
2021-01-20 21:09:35,244 : INFO : EPOCH 5 - PROGRESS: at 6.02% examples, 154917 words/s, in_qsize 79, out_qsize 0
2021-01-20 21:09:36,244 : INFO : EPOCH 5 - PROGRESS: at 7.36% examples, 147812 words/s, in_qsize 74, out_qsize 1
2021-01-20 21:09:37,424 : INFO : EPOCH 5 - PROGRESS: at 9.44% examples, 150711 words/s, in_qsize 79, out_qsize 0
2021-01-20 21:09:38,474 : INFO : EPOCH 5 - PROGRESS: at 10.91% examples, 147331 words/s, in_qsize 79, out_qsize 0
2021-01-20 21:09:39,527 : INFO : EPOCH 5 - PROGRESS: at 13.12% examples, 153746 words/s, in_qsize 79, out_qsize 0
2021-01-20 21:09:40,555 : INFO : EPOCH 5 - PROGRESS: at 14.56% examples, 150319 words/s, in_qsize 76, out_qsize 3
2021-01-20 21:09:41,577 : INFO : EPOCH 5 - PROGRESS: at 16.72% examples, 154806 words/s, in_qsize 79, out_qsize 0
2021-01-20 21:09:42,638 : INFO : EPOCH 5 - PROGRESS: at 18.20% examples, 152242 words/s, in_qsize 79, out_qsize 0
2021-01-20 21:09:43,715 : INFO : EPOCH 5 - PROGRESS: at 20.45% examples, 155569 words/s, in_qsize 79, out_qsize 0
2021-01-20 21:09:44,716 : INFO : EPOCH 5 - PROGRESS: at 21.79% examples, 152884 words/s, in_qsize 77, out_qsize 1
2021-01-20 21:09:45,875 : INFO : EPOCH 5 - PROGRESS: at 24.25% examples, 156058 words/s, in_qsize 79, out_qsize 0
2021-01-20 21:09:46,878 : INFO : EPOCH 5 - PROGRESS: at 25.74% examples, 154643 words/s, in_qsize 76, out_qsize 0
2021-01-20 21:09:47,969 : INFO : EPOCH 5 - PROGRESS: at 27.98% examples, 156784 words/s, in_qsize 79, out_qsize 0
2021-01-20 21:09:49,002 : INFO : EPOCH 5 - PROGRESS: at 29.02% examples, 152830 words/s, in_qsize 78, out_qsize 2
2021-01-20 21:09:50,040 : INFO : EPOCH 5 - PROGRESS: at 31.65% examples, 157084 words/s, in_qsize 79, out_qsize 0
2021-01-20 21:09:51,057 : INFO : EPOCH 5 - PROGRESS: at 33.14% examples, 155764 words/s, in_qsize 79, out_qsize 1
2021-01-20 21:09:52,165 : INFO : EPOCH 5 - PROGRESS: at 35.08% examples, 155846 words/s, in_qsize 79, out_qsize 0
2021-01-20 21:09:53,170 : INFO : EPOCH 5 - PROGRESS: at 37.48% examples, 158568 words/s, in_qsize 76, out_qsize 0
2021-01-20 21:09:54,175 : INFO : EPOCH 5 - PROGRESS: at 38.87% examples, 157187 words/s, in_qsize 79, out_qsize 0
2021-01-20 21:09:55,244 : INFO : EPOCH 5 - PROGRESS: at 40.84% examples, 157840 words/s, in_qsize 79, out_qsize 0
2021-01-20 21:09:56,315 : INFO : EPOCH 5 - PROGRESS: at 42.61% examples, 157545 words/s, in_qsize 78, out_qsize 1
2021-01-20 21:09:57,420 : INFO : EPOCH 5 - PROGRESS: at 44.36% examples, 157053 words/s, in_qsize 76, out_qsize 3
2021-01-20 21:09:58,449 : INFO : EPOCH 5 - PROGRESS: at 46.30% examples, 157505 words/s, in_qsize 80, out_qsize 0
2021-01-20 21:09:59,450 : INFO : EPOCH 5 - PROGRESS: at 48.44% examples, 158796 words/s, in_qsize 79, out_qsize 0
2021-01-20 21:10:00,584 : INFO : EPOCH 5 - PROGRESS: at 49.88% examples, 157197 words/s, in_qsize 78, out_qsize 0
2021-01-20 21:10:01,634 : INFO : EPOCH 5 - PROGRESS: at 51.90% examples, 157954 words/s, in_qsize 79, out_qsize 0
2021-01-20 21:10:02,753 : INFO : EPOCH 5 - PROGRESS: at 53.73% examples, 157687 words/s, in_qsize 79, out_qsize 0
2021-01-20 21:10:03,786 : INFO : EPOCH 5 - PROGRESS: at 55.68% examples, 158262 words/s, in_qsize 79, out_qsize 0
2021-01-20 21:10:04,789 : INFO : EPOCH 5 - PROGRESS: at 57.56% examples, 158745 words/s, in_qsize 79, out_qsize 0
2021-01-20 21:10:05,871 : INFO : EPOCH 5 - PROGRESS: at 59.23% examples, 158226 words/s, in_qsize 78, out_qsize 1
2021-01-20 21:10:06,927 : INFO : EPOCH 5 - PROGRESS: at 61.09% examples, 158231 words/s, in_qsize 79, out_qsize 0
2021-01-20 21:10:07,932 : INFO : EPOCH 5 - PROGRESS: at 63.04% examples, 158842 words/s, in_qsize 79, out_qsize 0
2021-01-20 21:10:08,938 : INFO : EPOCH 5 - PROGRESS: at 64.56% examples, 158329 words/s, in_qsize 79, out_qsize 0
2021-01-20 21:10:09,940 : INFO : EPOCH 5 - PROGRESS: at 66.59% examples, 159102 words/s, in_qsize 79, out_qsize 0
2021-01-20 21:10:11,020 : INFO : EPOCH 5 - PROGRESS: at 68.21% examples, 158492 words/s, in_qsize 79, out_qsize 0
2021-01-20 21:10:12,094 : INFO : EPOCH 5 - PROGRESS: at 70.13% examples, 158580 words/s, in_qsize 79, out_qsize 0
2021-01-20 21:10:13,114 : INFO : EPOCH 5 - PROGRESS: at 72.18% examples, 159198 words/s, in_qsize 78, out_qsize 1
2021-01-20 21:10:14,138 : INFO : EPOCH 5 - PROGRESS: at 73.63% examples, 158475 words/s, in_qsize 79, out_qsize 0
2021-01-20 21:10:15,196 : INFO : EPOCH 5 - PROGRESS: at 75.89% examples, 159368 words/s, in_qsize 79, out_qsize 0
2021-01-20 21:10:16,262 : INFO : EPOCH 5 - PROGRESS: at 77.41% examples, 158693 words/s, in_qsize 79, out_qsize 0
2021-01-20 21:10:17,273 : INFO : EPOCH 5 - PROGRESS: at 79.37% examples, 159146 words/s, in_qsize 79, out_qsize 0
2021-01-20 21:10:18,319 : INFO : EPOCH 5 - PROGRESS: at 80.97% examples, 158732 words/s, in_qsize 77, out_qsize 2
2021-01-20 21:10:19,322 : INFO : EPOCH 5 - PROGRESS: at 82.86% examples, 159036 words/s, in_qsize 79, out_qsize 0
2021-01-20 21:10:20,366 : INFO : EPOCH 5 - PROGRESS: at 84.80% examples, 159312 words/s, in_qsize 80, out_qsize 0
2021-01-20 21:10:21,463 : INFO : EPOCH 5 - PROGRESS: at 86.64% examples, 159113 words/s, in_qsize 80, out_qsize 1
2021-01-20 21:10:22,484 : INFO : EPOCH 5 - PROGRESS: at 88.55% examples, 159322 words/s, in_qsize 79, out_qsize 0
2021-01-20 21:10:23,486 : INFO : EPOCH 5 - PROGRESS: at 90.22% examples, 159200 words/s, in_qsize 79, out_qsize 0
2021-01-20 21:10:24,564 : INFO : EPOCH 5 - PROGRESS: at 92.08% examples, 159240 words/s, in_qsize 79, out_qsize 0
2021-01-20 21:10:25,633 : INFO : EPOCH 5 - PROGRESS: at 93.94% examples, 159318 words/s, in_qsize 79, out_qsize 0
2021-01-20 21:10:26,660 : INFO : EPOCH 5 - PROGRESS: at 95.69% examples, 159274 words/s, in_qsize 60, out_qsize 0
2021-01-20 21:10:27,416 : INFO : worker thread finished; awaiting finish of 39 more threads
2021-01-20 21:10:27,525 : INFO : worker thread finished; awaiting finish of 38 more threads
2021-01-20 21:10:27,530 : INFO : worker thread finished; awaiting finish of 37 more threads
2021-01-20 21:10:27,583 : INFO : worker thread finished; awaiting finish of 36 more threads
2021-01-20 21:10:27,596 : INFO : worker thread finished; awaiting finish of 35 more threads
2021-01-20 21:10:27,609 : INFO : worker thread finished; awaiting finish of 34 more threads
2021-01-20 21:10:27,646 : INFO : worker thread finished; awaiting finish of 33 more threads
2021-01-20 21:10:27,667 : INFO : EPOCH 5 - PROGRESS: at 97.72% examples, 159745 words/s, in_qsize 32, out_qsize 1
2021-01-20 21:10:27,667 : INFO : worker thread finished; awaiting finish of 32 more threads
2021-01-20 21:10:27,727 : INFO : worker thread finished; awaiting finish of 31 more threads
2021-01-20 21:10:27,741 : INFO : worker thread finished; awaiting finish of 30 more threads
2021-01-20 21:10:27,803 : INFO : worker thread finished; awaiting finish of 29 more threads
2021-01-20 21:10:27,828 : INFO : worker thread finished; awaiting finish of 28 more threads
2021-01-20 21:10:27,858 : INFO : worker thread finished; awaiting finish of 27 more threads
2021-01-20 21:10:27,883 : INFO : worker thread finished; awaiting finish of 26 more threads
2021-01-20 21:10:27,892 : INFO : worker thread finished; awaiting finish of 25 more threads
2021-01-20 21:10:27,918 : INFO : worker thread finished; awaiting finish of 24 more threads
2021-01-20 21:10:27,927 : INFO : worker thread finished; awaiting finish of 23 more threads
2021-01-20 21:10:27,952 : INFO : worker thread finished; awaiting finish of 22 more threads
2021-01-20 21:10:28,001 : INFO : worker thread finished; awaiting finish of 21 more threads
2021-01-20 21:10:28,059 : INFO : worker thread finished; awaiting finish of 20 more threads
2021-01-20 21:10:28,062 : INFO : worker thread finished; awaiting finish of 19 more threads
2021-01-20 21:10:28,134 : INFO : worker thread finished; awaiting finish of 18 more threads
2021-01-20 21:10:28,144 : INFO : worker thread finished; awaiting finish of 17 more threads
2021-01-20 21:10:28,149 : INFO : worker thread finished; awaiting finish of 16 more threads
2021-01-20 21:10:28,158 : INFO : worker thread finished; awaiting finish of 15 more threads
2021-01-20 21:10:28,165 : INFO : worker thread finished; awaiting finish of 14 more threads
2021-01-20 21:10:28,184 : INFO : worker thread finished; awaiting finish of 13 more threads
2021-01-20 21:10:28,222 : INFO : worker thread finished; awaiting finish of 12 more threads
2021-01-20 21:10:28,223 : INFO : worker thread finished; awaiting finish of 11 more threads
2021-01-20 21:10:28,225 : INFO : worker thread finished; awaiting finish of 10 more threads
2021-01-20 21:10:28,229 : INFO : worker thread finished; awaiting finish of 9 more threads
2021-01-20 21:10:28,234 : INFO : worker thread finished; awaiting finish of 8 more threads
2021-01-20 21:10:28,244 : INFO : worker thread finished; awaiting finish of 7 more threads
2021-01-20 21:10:28,248 : INFO : worker thread finished; awaiting finish of 6 more threads
2021-01-20 21:10:28,252 : INFO : worker thread finished; awaiting finish of 5 more threads
2021-01-20 21:10:28,262 : INFO : worker thread finished; awaiting finish of 4 more threads
2021-01-20 21:10:28,263 : INFO : worker thread finished; awaiting finish of 3 more threads
2021-01-20 21:10:28,269 : INFO : worker thread finished; awaiting finish of 2 more threads
2021-01-20 21:10:28,273 : INFO : worker thread finished; awaiting finish of 1 more threads
2021-01-20 21:10:28,277 : INFO : worker thread finished; awaiting finish of 0 more threads
2021-01-20 21:10:28,278 : INFO : EPOCH - 5 : training on 13542393 raw words (9121362 effective words) took 56.4s, 161713 effective words/s
2021-01-20 21:10:28,278 : INFO : training on a 67711965 raw words (45614719 effective words) took 286.7s, 159108 effective words/s
2021-01-20 21:10:28,278 : INFO : saving Word2Vec object under ../data/word2vec/model_data/1.bin, separately None
2021-01-20 21:10:28,278 : INFO : not storing attribute vectors_norm
2021-01-20 21:10:28,279 : INFO : not storing attribute cum_table
2021-01-20 21:10:29,268 : INFO : saved ../data/word2vec/model_data/1.bin
2021-01-20 21:10:29,268 : INFO : storing 22194x300 projection weights into ../data/word2vec/model_data/1.dict
